C:\xampp\htdocs\kangbani\.htaccess
C:\xampp\htdocs\kangbani\api\.htaccess
C:\xampp\htdocs\kangbani\api\index.php
C:\xampp\htdocs\kangbani\composer.json
C:\xampp\htdocs\kangbani\controllers\AkunController.php
C:\xampp\htdocs\kangbani\controllers\ApiController.php
C:\xampp\htdocs\kangbani\controllers\ControllerBase.php
C:\xampp\htdocs\kangbani\controllers\GrupController.php
C:\xampp\htdocs\kangbani\controllers\GudangController.php
C:\xampp\htdocs\kangbani\controllers\JurnalController.php
C:\xampp\htdocs\kangbani\controllers\JurnaldController.php
C:\xampp\htdocs\kangbani\controllers\KelompokController.php
C:\xampp\htdocs\kangbani\controllers\KlasifikasiController.php
C:\xampp\htdocs\kangbani\controllers\KonversiController.php
C:\xampp\htdocs\kangbani\controllers\KursController.php
C:\xampp\htdocs\kangbani\controllers\MatauangController.php
C:\xampp\htdocs\kangbani\controllers\OthersController.php
C:\xampp\htdocs\kangbani\controllers\PajakController.php
C:\xampp\htdocs\kangbani\controllers\PengirimanController.php
C:\xampp\htdocs\kangbani\controllers\PeriodeController.php
C:\xampp\htdocs\kangbani\controllers\PersonController.php
C:\xampp\htdocs\kangbani\controllers\ProdukController.php
C:\xampp\htdocs\kangbani\controllers\SaldoawalController.php
C:\xampp\htdocs\kangbani\controllers\SatuanController.php
C:\xampp\htdocs\kangbani\controllers\SubgrupController.php
C:\xampp\htdocs\kangbani\controllers\TipejurnalController.php
C:\xampp\htdocs\kangbani\controllers\TopController.php
C:\xampp\htdocs\kangbani\controllers\TosController.php
C:\xampp\htdocs\kangbani\controllers\TypeController.php
C:\xampp\htdocs\kangbani\css\ewpdf.scss
C:\xampp\htdocs\kangbani\css\prj_accounting.scss
C:\xampp\htdocs\kangbani\css\query-builder.scss
C:\xampp\htdocs\kangbani\css\tabulator_bootstrap5.scss
C:\xampp\htdocs\kangbani\css\tempus-dominus.scss
C:\xampp\htdocs\kangbani\files\index.html
C:\xampp\htdocs\kangbani\index.php
C:\xampp\htdocs\kangbani\js\eweditor.js
C:\xampp\htdocs\kangbani\js\userevent.js
C:\xampp\htdocs\kangbani\js\userfn.js
C:\xampp\htdocs\kangbani\log\index.html
C:\xampp\htdocs\kangbani\models\Akun.php
C:\xampp\htdocs\kangbani\models\AkunAdd.php
C:\xampp\htdocs\kangbani\models\AkunDelete.php
C:\xampp\htdocs\kangbani\models\AkunEdit.php
C:\xampp\htdocs\kangbani\models\AkunList.php
C:\xampp\htdocs\kangbani\models\AkunView.php
C:\xampp\htdocs\kangbani\models\Grup.php
C:\xampp\htdocs\kangbani\models\GrupAdd.php
C:\xampp\htdocs\kangbani\models\GrupDelete.php
C:\xampp\htdocs\kangbani\models\GrupEdit.php
C:\xampp\htdocs\kangbani\models\GrupList.php
C:\xampp\htdocs\kangbani\models\GrupView.php
C:\xampp\htdocs\kangbani\models\Gudang.php
C:\xampp\htdocs\kangbani\models\GudangAdd.php
C:\xampp\htdocs\kangbani\models\GudangDelete.php
C:\xampp\htdocs\kangbani\models\GudangEdit.php
C:\xampp\htdocs\kangbani\models\GudangList.php
C:\xampp\htdocs\kangbani\models\GudangView.php
C:\xampp\htdocs\kangbani\models\Jurnal.php
C:\xampp\htdocs\kangbani\models\JurnalAdd.php
C:\xampp\htdocs\kangbani\models\JurnalDelete.php
C:\xampp\htdocs\kangbani\models\JurnalEdit.php
C:\xampp\htdocs\kangbani\models\JurnalList.php
C:\xampp\htdocs\kangbani\models\JurnalView.php
C:\xampp\htdocs\kangbani\models\Jurnald.php
C:\xampp\htdocs\kangbani\models\JurnaldAdd.php
C:\xampp\htdocs\kangbani\models\JurnaldDelete.php
C:\xampp\htdocs\kangbani\models\JurnaldEdit.php
C:\xampp\htdocs\kangbani\models\JurnaldGrid.php
C:\xampp\htdocs\kangbani\models\JurnaldList.php
C:\xampp\htdocs\kangbani\models\JurnaldView.php
C:\xampp\htdocs\kangbani\models\Kelompok.php
C:\xampp\htdocs\kangbani\models\KelompokAdd.php
C:\xampp\htdocs\kangbani\models\KelompokDelete.php
C:\xampp\htdocs\kangbani\models\KelompokEdit.php
C:\xampp\htdocs\kangbani\models\KelompokList.php
C:\xampp\htdocs\kangbani\models\KelompokView.php
C:\xampp\htdocs\kangbani\models\Klasifikasi.php
C:\xampp\htdocs\kangbani\models\KlasifikasiAdd.php
C:\xampp\htdocs\kangbani\models\KlasifikasiDelete.php
C:\xampp\htdocs\kangbani\models\KlasifikasiEdit.php
C:\xampp\htdocs\kangbani\models\KlasifikasiList.php
C:\xampp\htdocs\kangbani\models\KlasifikasiView.php
C:\xampp\htdocs\kangbani\models\Konversi.php
C:\xampp\htdocs\kangbani\models\KonversiAdd.php
C:\xampp\htdocs\kangbani\models\KonversiDelete.php
C:\xampp\htdocs\kangbani\models\KonversiEdit.php
C:\xampp\htdocs\kangbani\models\KonversiList.php
C:\xampp\htdocs\kangbani\models\KonversiView.php
C:\xampp\htdocs\kangbani\models\Kurs.php
C:\xampp\htdocs\kangbani\models\KursAdd.php
C:\xampp\htdocs\kangbani\models\KursDelete.php
C:\xampp\htdocs\kangbani\models\KursEdit.php
C:\xampp\htdocs\kangbani\models\KursList.php
C:\xampp\htdocs\kangbani\models\KursView.php
C:\xampp\htdocs\kangbani\models\Matauang.php
C:\xampp\htdocs\kangbani\models\MatauangAdd.php
C:\xampp\htdocs\kangbani\models\MatauangDelete.php
C:\xampp\htdocs\kangbani\models\MatauangEdit.php
C:\xampp\htdocs\kangbani\models\MatauangList.php
C:\xampp\htdocs\kangbani\models\MatauangView.php
C:\xampp\htdocs\kangbani\models\Pajak.php
C:\xampp\htdocs\kangbani\models\PajakAdd.php
C:\xampp\htdocs\kangbani\models\PajakDelete.php
C:\xampp\htdocs\kangbani\models\PajakEdit.php
C:\xampp\htdocs\kangbani\models\PajakList.php
C:\xampp\htdocs\kangbani\models\PajakView.php
C:\xampp\htdocs\kangbani\models\Pengiriman.php
C:\xampp\htdocs\kangbani\models\PengirimanAdd.php
C:\xampp\htdocs\kangbani\models\PengirimanDelete.php
C:\xampp\htdocs\kangbani\models\PengirimanEdit.php
C:\xampp\htdocs\kangbani\models\PengirimanList.php
C:\xampp\htdocs\kangbani\models\PengirimanView.php
C:\xampp\htdocs\kangbani\models\Periode.php
C:\xampp\htdocs\kangbani\models\PeriodeAdd.php
C:\xampp\htdocs\kangbani\models\PeriodeDelete.php
C:\xampp\htdocs\kangbani\models\PeriodeEdit.php
C:\xampp\htdocs\kangbani\models\PeriodeList.php
C:\xampp\htdocs\kangbani\models\PeriodeView.php
C:\xampp\htdocs\kangbani\models\Person.php
C:\xampp\htdocs\kangbani\models\PersonAdd.php
C:\xampp\htdocs\kangbani\models\PersonDelete.php
C:\xampp\htdocs\kangbani\models\PersonEdit.php
C:\xampp\htdocs\kangbani\models\PersonList.php
C:\xampp\htdocs\kangbani\models\PersonView.php
C:\xampp\htdocs\kangbani\models\Produk.php
C:\xampp\htdocs\kangbani\models\ProdukAdd.php
C:\xampp\htdocs\kangbani\models\ProdukDelete.php
C:\xampp\htdocs\kangbani\models\ProdukEdit.php
C:\xampp\htdocs\kangbani\models\ProdukList.php
C:\xampp\htdocs\kangbani\models\ProdukView.php
C:\xampp\htdocs\kangbani\models\Saldoawal.php
C:\xampp\htdocs\kangbani\models\SaldoawalAdd.php
C:\xampp\htdocs\kangbani\models\SaldoawalDelete.php
C:\xampp\htdocs\kangbani\models\SaldoawalEdit.php
C:\xampp\htdocs\kangbani\models\SaldoawalList.php
C:\xampp\htdocs\kangbani\models\SaldoawalView.php
C:\xampp\htdocs\kangbani\models\Satuan.php
C:\xampp\htdocs\kangbani\models\SatuanAdd.php
C:\xampp\htdocs\kangbani\models\SatuanDelete.php
C:\xampp\htdocs\kangbani\models\SatuanEdit.php
C:\xampp\htdocs\kangbani\models\SatuanList.php
C:\xampp\htdocs\kangbani\models\SatuanView.php
C:\xampp\htdocs\kangbani\models\Subgrup.php
C:\xampp\htdocs\kangbani\models\SubgrupAdd.php
C:\xampp\htdocs\kangbani\models\SubgrupDelete.php
C:\xampp\htdocs\kangbani\models\SubgrupEdit.php
C:\xampp\htdocs\kangbani\models\SubgrupList.php
C:\xampp\htdocs\kangbani\models\SubgrupView.php
C:\xampp\htdocs\kangbani\models\Tipejurnal.php
C:\xampp\htdocs\kangbani\models\TipejurnalAdd.php
C:\xampp\htdocs\kangbani\models\TipejurnalDelete.php
C:\xampp\htdocs\kangbani\models\TipejurnalEdit.php
C:\xampp\htdocs\kangbani\models\TipejurnalList.php
C:\xampp\htdocs\kangbani\models\TipejurnalView.php
C:\xampp\htdocs\kangbani\models\Top.php
C:\xampp\htdocs\kangbani\models\TopAdd.php
C:\xampp\htdocs\kangbani\models\TopDelete.php
C:\xampp\htdocs\kangbani\models\TopEdit.php
C:\xampp\htdocs\kangbani\models\TopList.php
C:\xampp\htdocs\kangbani\models\TopView.php
C:\xampp\htdocs\kangbani\models\Tos.php
C:\xampp\htdocs\kangbani\models\TosAdd.php
C:\xampp\htdocs\kangbani\models\TosDelete.php
C:\xampp\htdocs\kangbani\models\TosEdit.php
C:\xampp\htdocs\kangbani\models\TosList.php
C:\xampp\htdocs\kangbani\models\TosView.php
C:\xampp\htdocs\kangbani\models\Type.php
C:\xampp\htdocs\kangbani\models\TypeAdd.php
C:\xampp\htdocs\kangbani\models\TypeDelete.php
C:\xampp\htdocs\kangbani\models\TypeEdit.php
C:\xampp\htdocs\kangbani\models\TypeList.php
C:\xampp\htdocs\kangbani\models\TypeView.php
C:\xampp\htdocs\kangbani\package.json
C:\xampp\htdocs\kangbani\src\AbstractController.php
C:\xampp\htdocs\kangbani\src\AbstractEntity.php
C:\xampp\htdocs\kangbani\src\AbstractExport.php
C:\xampp\htdocs\kangbani\src\AbstractExportBase.php
C:\xampp\htdocs\kangbani\src\AbstractTwoFactorAuthentication.php
C:\xampp\htdocs\kangbani\src\AdvancedFilter.php
C:\xampp\htdocs\kangbani\src\AdvancedSearch.php
C:\xampp\htdocs\kangbani\src\AdvancedSecurity.php
C:\xampp\htdocs\kangbani\src\Allow.php
C:\xampp\htdocs\kangbani\src\ApiActionEvent.php
C:\xampp\htdocs\kangbani\src\ApiPermissionMiddleware.php
C:\xampp\htdocs\kangbani\src\Attributes.php
C:\xampp\htdocs\kangbani\src\Attributes\Delete.php
C:\xampp\htdocs\kangbani\src\Attributes\Get.php
C:\xampp\htdocs\kangbani\src\Attributes\Map.php
C:\xampp\htdocs\kangbani\src\Attributes\Options.php
C:\xampp\htdocs\kangbani\src\Attributes\Patch.php
C:\xampp\htdocs\kangbani\src\Attributes\Post.php
C:\xampp\htdocs\kangbani\src\Attributes\Put.php
C:\xampp\htdocs\kangbani\src\AuditTrailHandler.php
C:\xampp\htdocs\kangbani\src\AzureAD.php
C:\xampp\htdocs\kangbani\src\BasicSearch.php
C:\xampp\htdocs\kangbani\src\Breadcrumb.php
C:\xampp\htdocs\kangbani\src\BytesType.php
C:\xampp\htdocs\kangbani\src\CaptchaBase.php
C:\xampp\htdocs\kangbani\src\CaptchaInterface.php
C:\xampp\htdocs\kangbani\src\ChartExporter.php
C:\xampp\htdocs\kangbani\src\ChartJsRenderer.php
C:\xampp\htdocs\kangbani\src\ChartRendererInterface.php
C:\xampp\htdocs\kangbani\src\ChartTypes.php
C:\xampp\htdocs\kangbani\src\ConfigurationEvent.php
C:\xampp\htdocs\kangbani\src\ContainerBuildEvent.php
C:\xampp\htdocs\kangbani\src\CorsMiddleware.php
C:\xampp\htdocs\kangbani\src\CrosstabColumn.php
C:\xampp\htdocs\kangbani\src\CrosstabTable.php
C:\xampp\htdocs\kangbani\src\CustomUploadHandler.php
C:\xampp\htdocs\kangbani\src\DataType.php
C:\xampp\htdocs\kangbani\src\DatabaseConnectedEvent.php
C:\xampp\htdocs\kangbani\src\DatabaseConnectingEvent.php
C:\xampp\htdocs\kangbani\src\DbChart.php
C:\xampp\htdocs\kangbani\src\DbField.php
C:\xampp\htdocs\kangbani\src\DbTable.php
C:\xampp\htdocs\kangbani\src\DbTableBase.php
C:\xampp\htdocs\kangbani\src\DebugSqlLogger.php
C:\xampp\htdocs\kangbani\src\Email.php
C:\xampp\htdocs\kangbani\src\EmailTwoFactorAuthentication.php
C:\xampp\htdocs\kangbani\src\EntityDescriptor.php
C:\xampp\htdocs\kangbani\src\Entity\Akun.php
C:\xampp\htdocs\kangbani\src\Entity\Grup.php
C:\xampp\htdocs\kangbani\src\Entity\Gudang.php
C:\xampp\htdocs\kangbani\src\Entity\Jurnal.php
C:\xampp\htdocs\kangbani\src\Entity\Jurnald.php
C:\xampp\htdocs\kangbani\src\Entity\Kelompok.php
C:\xampp\htdocs\kangbani\src\Entity\Klasifikasi.php
C:\xampp\htdocs\kangbani\src\Entity\Konversi.php
C:\xampp\htdocs\kangbani\src\Entity\Kur.php
C:\xampp\htdocs\kangbani\src\Entity\Matauang.php
C:\xampp\htdocs\kangbani\src\Entity\Pajak.php
C:\xampp\htdocs\kangbani\src\Entity\Pengiriman.php
C:\xampp\htdocs\kangbani\src\Entity\Periode.php
C:\xampp\htdocs\kangbani\src\Entity\Person.php
C:\xampp\htdocs\kangbani\src\Entity\Produk.php
C:\xampp\htdocs\kangbani\src\Entity\Saldoawal.php
C:\xampp\htdocs\kangbani\src\Entity\Satuan.php
C:\xampp\htdocs\kangbani\src\Entity\Subgrup.php
C:\xampp\htdocs\kangbani\src\Entity\Tipejurnal.php
C:\xampp\htdocs\kangbani\src\Entity\To.php
C:\xampp\htdocs\kangbani\src\Entity\Top.php
C:\xampp\htdocs\kangbani\src\Entity\Type.php
C:\xampp\htdocs\kangbani\src\ExportCsv.php
C:\xampp\htdocs\kangbani\src\ExportEmail.php
C:\xampp\htdocs\kangbani\src\ExportExcel.php
C:\xampp\htdocs\kangbani\src\ExportHandler.php
C:\xampp\htdocs\kangbani\src\ExportHtml.php
C:\xampp\htdocs\kangbani\src\ExportJson.php
C:\xampp\htdocs\kangbani\src\ExportPdf.php
C:\xampp\htdocs\kangbani\src\ExportWord.php
C:\xampp\htdocs\kangbani\src\ExportXml.php
C:\xampp\htdocs\kangbani\src\FileUploadHandler.php
C:\xampp\htdocs\kangbani\src\FileViewer.php
C:\xampp\htdocs\kangbani\src\ForceLogoutUserAction.php
C:\xampp\htdocs\kangbani\src\GeographyType.php
C:\xampp\htdocs\kangbani\src\GeometryType.php
C:\xampp\htdocs\kangbani\src\HierarchyIdType.php
C:\xampp\htdocs\kangbani\src\HttpErrorHandler.php
C:\xampp\htdocs\kangbani\src\HttpForm.php
C:\xampp\htdocs\kangbani\src\HttpServiceUnavailableException.php
C:\xampp\htdocs\kangbani\src\HttpSession.php
C:\xampp\htdocs\kangbani\src\HttpUpload.php
C:\xampp\htdocs\kangbani\src\JwtMiddleware.php
C:\xampp\htdocs\kangbani\src\Language.php
C:\xampp\htdocs\kangbani\src\LanguageLoadEvent.php
C:\xampp\htdocs\kangbani\src\LaravelSessionMiddleware.php
C:\xampp\htdocs\kangbani\src\LdapConn.php
C:\xampp\htdocs\kangbani\src\ListAction.php
C:\xampp\htdocs\kangbani\src\ListActions.php
C:\xampp\htdocs\kangbani\src\ListOption.php
C:\xampp\htdocs\kangbani\src\ListOptions.php
C:\xampp\htdocs\kangbani\src\ListOptionsArray.php
C:\xampp\htdocs\kangbani\src\LoginStatusEvent.php
C:\xampp\htdocs\kangbani\src\Lookup.php
C:\xampp\htdocs\kangbani\src\MaintenanceMiddleware.php
C:\xampp\htdocs\kangbani\src\Menu.php
C:\xampp\htdocs\kangbani\src\MenuItem.php
C:\xampp\htdocs\kangbani\src\MenuItemAddingEvent.php
C:\xampp\htdocs\kangbani\src\MenuRenderedEvent.php
C:\xampp\htdocs\kangbani\src\MenuRenderingEvent.php
C:\xampp\htdocs\kangbani\src\MessagesTrait.php
C:\xampp\htdocs\kangbani\src\NumericPager.php
C:\xampp\htdocs\kangbani\src\OptionValues.php
C:\xampp\htdocs\kangbani\src\PageLoadingEvent.php
C:\xampp\htdocs\kangbani\src\PageRenderingEvent.php
C:\xampp\htdocs\kangbani\src\PageUnloadedEvent.php
C:\xampp\htdocs\kangbani\src\Pager.php
C:\xampp\htdocs\kangbani\src\PagerItem.php
C:\xampp\htdocs\kangbani\src\PasswordHash.php
C:\xampp\htdocs\kangbani\src\PermissionMiddleware.php
C:\xampp\htdocs\kangbani\src\PhpEncryption.php
C:\xampp\htdocs\kangbani\src\PragmaRxTwoFactorAuthentication.php
C:\xampp\htdocs\kangbani\src\PrevNextPager.php
C:\xampp\htdocs\kangbani\src\PushNotification.php
C:\xampp\htdocs\kangbani\src\ReportField.php
C:\xampp\htdocs\kangbani\src\ReportTable.php
C:\xampp\htdocs\kangbani\src\ResendRegisterEmailAction.php
C:\xampp\htdocs\kangbani\src\ResetConcurrentUserAction.php
C:\xampp\htdocs\kangbani\src\ResetLoginRetryAction.php
C:\xampp\htdocs\kangbani\src\ResetUserSecretAction.php
C:\xampp\htdocs\kangbani\src\RouteActionEvent.php
C:\xampp\htdocs\kangbani\src\RouteAttributes.php
C:\xampp\htdocs\kangbani\src\RowSummary.php
C:\xampp\htdocs\kangbani\src\RowTotal.php
C:\xampp\htdocs\kangbani\src\RowType.php
C:\xampp\htdocs\kangbani\src\Saml2.php
C:\xampp\htdocs\kangbani\src\SessionHandler.php
C:\xampp\htdocs\kangbani\src\SetPasswordExpiredAction.php
C:\xampp\htdocs\kangbani\src\Sms.php
C:\xampp\htdocs\kangbani\src\SmsTwoFactorAuthentication.php
C:\xampp\htdocs\kangbani\src\SsoStateSessionStore.php
C:\xampp\htdocs\kangbani\src\SubPage.php
C:\xampp\htdocs\kangbani\src\SubPages.php
C:\xampp\htdocs\kangbani\src\SummaryField.php
C:\xampp\htdocs\kangbani\src\Timer.php
C:\xampp\htdocs\kangbani\src\TwoFactorAuthenticationInterface.php
C:\xampp\htdocs\kangbani\src\UploadHandler.php
C:\xampp\htdocs\kangbani\src\UserProfile.php
C:\xampp\htdocs\kangbani\src\XmlDocument.php
C:\xampp\htdocs\kangbani\src\apiroutes.php
C:\xampp\htdocs\kangbani\src\config.development.php
C:\xampp\htdocs\kangbani\src\config.php
C:\xampp\htdocs\kangbani\src\config.production.php
C:\xampp\htdocs\kangbani\src\constants.php
C:\xampp\htdocs\kangbani\src\definitions.php
C:\xampp\htdocs\kangbani\src\phpfn.php
C:\xampp\htdocs\kangbani\src\routes.php
C:\xampp\htdocs\kangbani\src\userfn.php
C:\xampp\htdocs\kangbani\src\userlevelsettings.php
C:\xampp\htdocs\kangbani\views\AkunAdd.php
C:\xampp\htdocs\kangbani\views\AkunDelete.php
C:\xampp\htdocs\kangbani\views\AkunEdit.php
C:\xampp\htdocs\kangbani\views\AkunList.php
C:\xampp\htdocs\kangbani\views\AkunView.php
C:\xampp\htdocs\kangbani\views\Error.php
C:\xampp\htdocs\kangbani\views\GrupAdd.php
C:\xampp\htdocs\kangbani\views\GrupDelete.php
C:\xampp\htdocs\kangbani\views\GrupEdit.php
C:\xampp\htdocs\kangbani\views\GrupList.php
C:\xampp\htdocs\kangbani\views\GrupView.php
C:\xampp\htdocs\kangbani\views\GudangAdd.php
C:\xampp\htdocs\kangbani\views\GudangDelete.php
C:\xampp\htdocs\kangbani\views\GudangEdit.php
C:\xampp\htdocs\kangbani\views\GudangList.php
C:\xampp\htdocs\kangbani\views\GudangView.php
C:\xampp\htdocs\kangbani\views\JurnalAdd.php
C:\xampp\htdocs\kangbani\views\JurnalDelete.php
C:\xampp\htdocs\kangbani\views\JurnalEdit.php
C:\xampp\htdocs\kangbani\views\JurnalList.php
C:\xampp\htdocs\kangbani\views\JurnalMaster.php
C:\xampp\htdocs\kangbani\views\JurnalView.php
C:\xampp\htdocs\kangbani\views\JurnaldAdd.php
C:\xampp\htdocs\kangbani\views\JurnaldDelete.php
C:\xampp\htdocs\kangbani\views\JurnaldEdit.php
C:\xampp\htdocs\kangbani\views\JurnaldGrid.php
C:\xampp\htdocs\kangbani\views\JurnaldList.php
C:\xampp\htdocs\kangbani\views\JurnaldView.php
C:\xampp\htdocs\kangbani\views\KelompokAdd.php
C:\xampp\htdocs\kangbani\views\KelompokDelete.php
C:\xampp\htdocs\kangbani\views\KelompokEdit.php
C:\xampp\htdocs\kangbani\views\KelompokList.php
C:\xampp\htdocs\kangbani\views\KelompokView.php
C:\xampp\htdocs\kangbani\views\KlasifikasiAdd.php
C:\xampp\htdocs\kangbani\views\KlasifikasiDelete.php
C:\xampp\htdocs\kangbani\views\KlasifikasiEdit.php
C:\xampp\htdocs\kangbani\views\KlasifikasiList.php
C:\xampp\htdocs\kangbani\views\KlasifikasiView.php
C:\xampp\htdocs\kangbani\views\KonversiAdd.php
C:\xampp\htdocs\kangbani\views\KonversiDelete.php
C:\xampp\htdocs\kangbani\views\KonversiEdit.php
C:\xampp\htdocs\kangbani\views\KonversiList.php
C:\xampp\htdocs\kangbani\views\KonversiView.php
C:\xampp\htdocs\kangbani\views\KursAdd.php
C:\xampp\htdocs\kangbani\views\KursDelete.php
C:\xampp\htdocs\kangbani\views\KursEdit.php
C:\xampp\htdocs\kangbani\views\KursList.php
C:\xampp\htdocs\kangbani\views\KursView.php
C:\xampp\htdocs\kangbani\views\MatauangAdd.php
C:\xampp\htdocs\kangbani\views\MatauangDelete.php
C:\xampp\htdocs\kangbani\views\MatauangEdit.php
C:\xampp\htdocs\kangbani\views\MatauangList.php
C:\xampp\htdocs\kangbani\views\MatauangView.php
C:\xampp\htdocs\kangbani\views\PajakAdd.php
C:\xampp\htdocs\kangbani\views\PajakDelete.php
C:\xampp\htdocs\kangbani\views\PajakEdit.php
C:\xampp\htdocs\kangbani\views\PajakList.php
C:\xampp\htdocs\kangbani\views\PajakView.php
C:\xampp\htdocs\kangbani\views\PengirimanAdd.php
C:\xampp\htdocs\kangbani\views\PengirimanDelete.php
C:\xampp\htdocs\kangbani\views\PengirimanEdit.php
C:\xampp\htdocs\kangbani\views\PengirimanList.php
C:\xampp\htdocs\kangbani\views\PengirimanView.php
C:\xampp\htdocs\kangbani\views\PeriodeAdd.php
C:\xampp\htdocs\kangbani\views\PeriodeDelete.php
C:\xampp\htdocs\kangbani\views\PeriodeEdit.php
C:\xampp\htdocs\kangbani\views\PeriodeList.php
C:\xampp\htdocs\kangbani\views\PeriodeView.php
C:\xampp\htdocs\kangbani\views\PersonAdd.php
C:\xampp\htdocs\kangbani\views\PersonDelete.php
C:\xampp\htdocs\kangbani\views\PersonEdit.php
C:\xampp\htdocs\kangbani\views\PersonList.php
C:\xampp\htdocs\kangbani\views\PersonView.php
C:\xampp\htdocs\kangbani\views\ProdukAdd.php
C:\xampp\htdocs\kangbani\views\ProdukDelete.php
C:\xampp\htdocs\kangbani\views\ProdukEdit.php
C:\xampp\htdocs\kangbani\views\ProdukList.php
C:\xampp\htdocs\kangbani\views\ProdukView.php
C:\xampp\htdocs\kangbani\views\SaldoawalAdd.php
C:\xampp\htdocs\kangbani\views\SaldoawalDelete.php
C:\xampp\htdocs\kangbani\views\SaldoawalEdit.php
C:\xampp\htdocs\kangbani\views\SaldoawalList.php
C:\xampp\htdocs\kangbani\views\SaldoawalView.php
C:\xampp\htdocs\kangbani\views\SatuanAdd.php
C:\xampp\htdocs\kangbani\views\SatuanDelete.php
C:\xampp\htdocs\kangbani\views\SatuanEdit.php
C:\xampp\htdocs\kangbani\views\SatuanList.php
C:\xampp\htdocs\kangbani\views\SatuanView.php
C:\xampp\htdocs\kangbani\views\SubgrupAdd.php
C:\xampp\htdocs\kangbani\views\SubgrupDelete.php
C:\xampp\htdocs\kangbani\views\SubgrupEdit.php
C:\xampp\htdocs\kangbani\views\SubgrupList.php
C:\xampp\htdocs\kangbani\views\SubgrupView.php
C:\xampp\htdocs\kangbani\views\TipejurnalAdd.php
C:\xampp\htdocs\kangbani\views\TipejurnalDelete.php
C:\xampp\htdocs\kangbani\views\TipejurnalEdit.php
C:\xampp\htdocs\kangbani\views\TipejurnalList.php
C:\xampp\htdocs\kangbani\views\TipejurnalView.php
C:\xampp\htdocs\kangbani\views\TopAdd.php
C:\xampp\htdocs\kangbani\views\TopDelete.php
C:\xampp\htdocs\kangbani\views\TopEdit.php
C:\xampp\htdocs\kangbani\views\TopList.php
C:\xampp\htdocs\kangbani\views\TopView.php
C:\xampp\htdocs\kangbani\views\TosAdd.php
C:\xampp\htdocs\kangbani\views\TosDelete.php
C:\xampp\htdocs\kangbani\views\TosEdit.php
C:\xampp\htdocs\kangbani\views\TosList.php
C:\xampp\htdocs\kangbani\views\TosView.php
C:\xampp\htdocs\kangbani\views\TypeAdd.php
C:\xampp\htdocs\kangbani\views\TypeDelete.php
C:\xampp\htdocs\kangbani\views\TypeEdit.php
C:\xampp\htdocs\kangbani\views\TypeList.php
C:\xampp\htdocs\kangbani\views\TypeView.php
C:\xampp\htdocs\kangbani\views\email.php
C:\xampp\htdocs\kangbani\views\layout.php
C:\xampp\htdocs\kangbani\views\menu.php
C:\xampp\htdocs\kangbani\views\swagger.php
C:\xampp\htdocs\kangbani\web.config